Vivado Simulator v2023.1
Copyright 1986-2022 Xilinx, Inc. All Rights Reserved.
Copyright 2022-2023 Advanced Micro Devices, Inc. All Rights Reserved.
Running: /home/demelo/Xilinx_2023/Vivado/2023.1/bin/unwrapped/lnx64.o/xelab --incr --debug typical --relax --mt 8 -L work -L secureip --snapshot gradient_behav work.gradient -log elaborate.log 
Using 8 slave threads.
Starting static elaboration
Completed static elaboration
Starting simulation data flow analysis
Completed simulation data flow analysis
Time Resolution for simulation is 1ps
Compiling package std.standard
Compiling package std.textio
Compiling package ieee.std_logic_1164
Compiling package ieee.numeric_std
Compiling package work.saturn_numeric_pkg
Compiling package work.xy_delay_pkg
Compiling architecture arch of entity work.shift_reg [\shift_reg(bus_width=8,depth=637...]
Compiling architecture rtl of entity work.xy_delay [\xy_delay(delay_x=5,delay_y=1,im...]
Compiling architecture arch_sobel of entity work.gradient
Built simulation snapshot gradient_behav
